Looks like your app's ./bin/rails is a stub that was generated by Bundler.

In Rails 5, your app's bin/ directory contains executables that are versioned
like any other source code, rather than stubs that are generated on demand.

Here's how to upgrade:

  bundle config --delete bin    # Turn off Bundler's stub generator
  rails app:update:bin          # Use the new Rails 5 executables
  git add bin                   # Add bin/ to source control

You may need to remove bin/ from your .gitignore as well.

When you install a gem whose executable you want to use in your app,
generate it and add it to source control:

  bundle binstubs some-gem-name
  git add bin/new-executable

Error during failsafe response: /home/fwadmin/apps/sigus/app/controllers/reports_controller.rb:182: syntax error, unexpected end-of-input, expecting keyword_end
  /home/fwadmin/.rbenv/versions/2.4.1/lib/ruby/gems/2.4.0/gems/activesupport-5.1.3/lib/active_support/dependencies.rb:476:in `load'
  /home/fwadmin/.rbenv/versions/2.4.1/lib/ruby/gems/2.4.0/gems/activesupport-5.1.3/lib/active_support/dependencies.rb:476:in `block in load_file'
  /home/fwadmin/.rbenv/versions/2.4.1/lib/ruby/gems/2.4.0/gems/activesupport-5.1.3/lib/active_support/dependencies.rb:661:in `new_constants_in'
  /home/fwadmin/.rbenv/versions/2.4.1/lib/ruby/gems/2.4.0/gems/activesupport-5.1.3/lib/active_support/dependencies.rb:475:in `load_file'
  /home/fwadmin/.rbenv/versions/2.4.1/lib/ruby/gems/2.4.0/gems/activesupport-5.1.3/lib/active_support/dependencies.rb:374:in `block in require_or_load'
  /home/fwadmin/.rbenv/versions/2.4.1/lib/ruby/gems/2.4.0/gems/activesupport-5.1.3/lib/active_support/dependencies.rb:36:in `block in load_interlock'
  /home/fwadmin/.rbenv/versions/2.4.1/lib/ruby/gems/2.4.0/gems/activesupport-5.1.3/lib/active_support/dependencies/interlock.rb:12:in `block in loading'
  /home/fwadmin/.rbenv/versions/2.4.1/lib/ruby/gems/2.4.0/gems/activesupport-5.1.3/lib/active_support/concurrency/share_lock.rb:149:in `exclusive'
  /home/fwadmin/.rbenv/versions/2.4.1/lib/ruby/gems/2.4.0/gems/activesupport-5.1.3/lib/active_support/dependencies/interlock.rb:11:in `loading'
  /home/fwadmin/.rbenv/versions/2.4.1/lib/ruby/gems/2.4.0/gems/activesupport-5.1.3/lib/active_support/dependencies.rb:36:in `load_interlock'
  /home/fwadmin/.rbenv/versions/2.4.1/lib/ruby/gems/2.4.0/gems/activesupport-5.1.3/lib/active_support/dependencies.rb:357:in `require_or_load'
  /home/fwadmin/.rbenv/versions/2.4.1/lib/ruby/gems/2.4.0/gems/activesupport-5.1.3/lib/active_support/dependencies.rb:510:in `load_missing_constant'
  /home/fwadmin/.rbenv/versions/2.4.1/lib/ruby/gems/2.4.0/gems/activesupport-5.1.3/lib/active_support/dependencies.rb:202:in `const_missing'
  /home/fwadmin/.rbenv/versions/2.4.1/lib/ruby/gems/2.4.0/gems/activesupport-5.1.3/lib/active_support/inflector/methods.rb:269:in `const_get'
  /home/fwadmin/.rbenv/versions/2.4.1/lib/ruby/gems/2.4.0/gems/activesupport-5.1.3/lib/active_support/inflector/methods.rb:269:in `block in constantize'
  /home/fwadmin/.rbenv/versions/2.4.1/lib/ruby/gems/2.4.0/gems/activesupport-5.1.3/lib/active_support/inflector/methods.rb:267:in `each'
  /home/fwadmin/.rbenv/versions/2.4.1/lib/ruby/gems/2.4.0/gems/activesupport-5.1.3/lib/active_support/inflector/methods.rb:267:in `inject'
  /home/fwadmin/.rbenv/versions/2.4.1/lib/ruby/gems/2.4.0/gems/activesupport-5.1.3/lib/active_support/inflector/methods.rb:267:in `constantize'
  /home/fwadmin/.rbenv/versions/2.4.1/lib/ruby/gems/2.4.0/gems/activesupport-5.1.3/lib/active_support/dependencies.rb:582:in `get'
  /home/fwadmin/.rbenv/versions/2.4.1/lib/ruby/gems/2.4.0/gems/activesupport-5.1.3/lib/active_support/dependencies.rb:613:in `constantize'
  /home/fwadmin/.rbenv/versions/2.4.1/lib/ruby/gems/2.4.0/gems/actionpack-5.1.3/lib/action_dispatch/http/request.rb:82:in `controller_class'
  /home/fwadmin/.rbenv/versions/2.4.1/lib/ruby/gems/2.4.0/gems/actionpack-5.1.3/lib/action_dispatch/http/parameters.rb:97:in `binary_params_for?'
  /home/fwadmin/.rbenv/versions/2.4.1/lib/ruby/gems/2.4.0/gems/actionpack-5.1.3/lib/action_dispatch/http/parameters.rb:88:in `set_binary_encoding'
  /home/fwadmin/.rbenv/versions/2.4.1/lib/ruby/gems/2.4.0/gems/actionpack-5.1.3/lib/action_dispatch/http/parameters.rb:58:in `parameters'
  /home/fwadmin/.rbenv/versions/2.4.1/lib/ruby/gems/2.4.0/gems/actionpack-5.1.3/lib/action_dispatch/http/mime_negotiation.rb:63:in `block in formats'
  /home/fwadmin/.rbenv/versions/2.4.1/lib/ruby/gems/2.4.0/gems/rack-2.0.3/lib/rack/request.rb:57:in `fetch'
  /home/fwadmin/.rbenv/versions/2.4.1/lib/ruby/gems/2.4.0/gems/rack-2.0.3/lib/rack/request.rb:57:in `fetch_header'
  /home/fwadmin/.rbenv/versions/2.4.1/lib/ruby/gems/2.4.0/gems/actionpack-5.1.3/lib/action_dispatch/http/mime_negotiation.rb:61:in `formats'
  /home/fwadmin/.rbenv/versions/2.4.1/lib/ruby/gems/2.4.0/gems/actionpack-5.1.3/lib/action_dispatch/middleware/public_exceptions.rb:22:in `call'
  /home/fwadmin/.rbenv/versions/2.4.1/lib/ruby/gems/2.4.0/gems/actionpack-5.1.3/lib/action_dispatch/middleware/show_exceptions.rb:49:in `render_exception'
  /home/fwadmin/.rbenv/versions/2.4.1/lib/ruby/gems/2.4.0/gems/actionpack-5.1.3/lib/action_dispatch/middleware/show_exceptions.rb:34:in `rescue in call'
  /home/fwadmin/.rbenv/versions/2.4.1/lib/ruby/gems/2.4.0/gems/actionpack-5.1.3/lib/action_dispatch/middleware/show_exceptions.rb:30:in `call'
  /home/fwadmin/.rbenv/versions/2.4.1/lib/ruby/gems/2.4.0/gems/railties-5.1.3/lib/rails/rack/logger.rb:36:in `call_app'
  /home/fwadmin/.rbenv/versions/2.4.1/lib/ruby/gems/2.4.0/gems/railties-5.1.3/lib/rails/rack/logger.rb:24:in `block in call'
  /home/fwadmin/.rbenv/versions/2.4.1/lib/ruby/gems/2.4.0/gems/activesupport-5.1.3/lib/active_support/tagged_logging.rb:69:in `block in tagged'
  /home/fwadmin/.rbenv/versions/2.4.1/lib/ruby/gems/2.4.0/gems/activesupport-5.1.3/lib/active_support/tagged_logging.rb:26:in `tagged'
  /home/fwadmin/.rbenv/versions/2.4.1/lib/ruby/gems/2.4.0/gems/activesupport-5.1.3/lib/active_support/tagged_logging.rb:69:in `tagged'
  /home/fwadmin/.rbenv/versions/2.4.1/lib/ruby/gems/2.4.0/gems/railties-5.1.3/lib/rails/rack/logger.rb:24:in `call'
  /home/fwadmin/.rbenv/versions/2.4.1/lib/ruby/gems/2.4.0/gems/sprockets-rails-3.2.0/lib/sprockets/rails/quiet_assets.rb:13:in `call'
  /home/fwadmin/.rbenv/versions/2.4.1/lib/ruby/gems/2.4.0/gems/actionpack-5.1.3/lib/action_dispatch/middleware/remote_ip.rb:79:in `call'
  /home/fwadmin/.rbenv/versions/2.4.1/lib/ruby/gems/2.4.0/gems/actionpack-5.1.3/lib/action_dispatch/middleware/request_id.rb:25:in `call'
  /home/fwadmin/.rbenv/versions/2.4.1/lib/ruby/gems/2.4.0/gems/rack-2.0.3/lib/rack/method_override.rb:22:in `call'
  /home/fwadmin/.rbenv/versions/2.4.1/lib/ruby/gems/2.4.0/gems/rack-2.0.3/lib/rack/runtime.rb:22:in `call'
  /home/fwadmin/.rbenv/versions/2.4.1/lib/ruby/gems/2.4.0/gems/activesupport-5.1.3/lib/active_support/cache/strategy/local_cache_middleware.rb:27:in `call'
  /home/fwadmin/.rbenv/versions/2.4.1/lib/ruby/gems/2.4.0/gems/actionpack-5.1.3/lib/action_dispatch/middleware/executor.rb:12:in `call'
  /home/fwadmin/.rbenv/versions/2.4.1/lib/ruby/gems/2.4.0/gems/actionpack-5.1.3/lib/action_dispatch/middleware/static.rb:125:in `call'
  /home/fwadmin/.rbenv/versions/2.4.1/lib/ruby/gems/2.4.0/gems/rack-2.0.3/lib/rack/sendfile.rb:111:in `call'
  /home/fwadmin/.rbenv/versions/2.4.1/lib/ruby/gems/2.4.0/gems/railties-5.1.3/lib/rails/engine.rb:522:in `call'
  /home/fwadmin/.rbenv/versions/2.4.1/lib/ruby/gems/2.4.0/gems/puma-3.10.0/lib/puma/configuration.rb:225:in `call'
  /home/fwadmin/.rbenv/versions/2.4.1/lib/ruby/gems/2.4.0/gems/puma-3.10.0/lib/puma/server.rb:605:in `handle_request'
  /home/fwadmin/.rbenv/versions/2.4.1/lib/ruby/gems/2.4.0/gems/puma-3.10.0/lib/puma/server.rb:437:in `process_client'
  /home/fwadmin/.rbenv/versions/2.4.1/lib/ruby/gems/2.4.0/gems/puma-3.10.0/lib/puma/server.rb:301:in `block in run'
  /home/fwadmin/.rbenv/versions/2.4.1/lib/ruby/gems/2.4.0/gems/puma-3.10.0/lib/puma/thread_pool.rb:120:in `block in spawn_thread'
Error during failsafe response: /home/fwadmin/apps/sigus/app/controllers/reports_controller.rb:182: syntax error, unexpected end-of-input, expecting keyword_end
  /home/fwadmin/.rbenv/versions/2.4.1/lib/ruby/gems/2.4.0/gems/activesupport-5.1.3/lib/active_support/dependencies.rb:476:in `load'
  /home/fwadmin/.rbenv/versions/2.4.1/lib/ruby/gems/2.4.0/gems/activesupport-5.1.3/lib/active_support/dependencies.rb:476:in `block in load_file'
  /home/fwadmin/.rbenv/versions/2.4.1/lib/ruby/gems/2.4.0/gems/activesupport-5.1.3/lib/active_support/dependencies.rb:661:in `new_constants_in'
  /home/fwadmin/.rbenv/versions/2.4.1/lib/ruby/gems/2.4.0/gems/activesupport-5.1.3/lib/active_support/dependencies.rb:475:in `load_file'
  /home/fwadmin/.rbenv/versions/2.4.1/lib/ruby/gems/2.4.0/gems/activesupport-5.1.3/lib/active_support/dependencies.rb:374:in `block in require_or_load'
  /home/fwadmin/.rbenv/versions/2.4.1/lib/ruby/gems/2.4.0/gems/activesupport-5.1.3/lib/active_support/dependencies.rb:36:in `block in load_interlock'
  /home/fwadmin/.rbenv/versions/2.4.1/lib/ruby/gems/2.4.0/gems/activesupport-5.1.3/lib/active_support/dependencies/interlock.rb:12:in `block in loading'
  /home/fwadmin/.rbenv/versions/2.4.1/lib/ruby/gems/2.4.0/gems/activesupport-5.1.3/lib/active_support/concurrency/share_lock.rb:149:in `exclusive'
  /home/fwadmin/.rbenv/versions/2.4.1/lib/ruby/gems/2.4.0/gems/activesupport-5.1.3/lib/active_support/dependencies/interlock.rb:11:in `loading'
  /home/fwadmin/.rbenv/versions/2.4.1/lib/ruby/gems/2.4.0/gems/activesupport-5.1.3/lib/active_support/dependencies.rb:36:in `load_interlock'
  /home/fwadmin/.rbenv/versions/2.4.1/lib/ruby/gems/2.4.0/gems/activesupport-5.1.3/lib/active_support/dependencies.rb:357:in `require_or_load'
  /home/fwadmin/.rbenv/versions/2.4.1/lib/ruby/gems/2.4.0/gems/activesupport-5.1.3/lib/active_support/dependencies.rb:510:in `load_missing_constant'
  /home/fwadmin/.rbenv/versions/2.4.1/lib/ruby/gems/2.4.0/gems/activesupport-5.1.3/lib/active_support/dependencies.rb:202:in `const_missing'
  /home/fwadmin/.rbenv/versions/2.4.1/lib/ruby/gems/2.4.0/gems/activesupport-5.1.3/lib/active_support/inflector/methods.rb:269:in `const_get'
  /home/fwadmin/.rbenv/versions/2.4.1/lib/ruby/gems/2.4.0/gems/activesupport-5.1.3/lib/active_support/inflector/methods.rb:269:in `block in constantize'
  /home/fwadmin/.rbenv/versions/2.4.1/lib/ruby/gems/2.4.0/gems/activesupport-5.1.3/lib/active_support/inflector/methods.rb:267:in `each'
  /home/fwadmin/.rbenv/versions/2.4.1/lib/ruby/gems/2.4.0/gems/activesupport-5.1.3/lib/active_support/inflector/methods.rb:267:in `inject'
  /home/fwadmin/.rbenv/versions/2.4.1/lib/ruby/gems/2.4.0/gems/activesupport-5.1.3/lib/active_support/inflector/methods.rb:267:in `constantize'
  /home/fwadmin/.rbenv/versions/2.4.1/lib/ruby/gems/2.4.0/gems/activesupport-5.1.3/lib/active_support/dependencies.rb:582:in `get'
  /home/fwadmin/.rbenv/versions/2.4.1/lib/ruby/gems/2.4.0/gems/activesupport-5.1.3/lib/active_support/dependencies.rb:613:in `constantize'
  /home/fwadmin/.rbenv/versions/2.4.1/lib/ruby/gems/2.4.0/gems/actionpack-5.1.3/lib/action_dispatch/http/request.rb:82:in `controller_class'
  /home/fwadmin/.rbenv/versions/2.4.1/lib/ruby/gems/2.4.0/gems/actionpack-5.1.3/lib/action_dispatch/http/parameters.rb:97:in `binary_params_for?'
  /home/fwadmin/.rbenv/versions/2.4.1/lib/ruby/gems/2.4.0/gems/actionpack-5.1.3/lib/action_dispatch/http/parameters.rb:88:in `set_binary_encoding'
  /home/fwadmin/.rbenv/versions/2.4.1/lib/ruby/gems/2.4.0/gems/actionpack-5.1.3/lib/action_dispatch/http/parameters.rb:58:in `parameters'
  /home/fwadmin/.rbenv/versions/2.4.1/lib/ruby/gems/2.4.0/gems/actionpack-5.1.3/lib/action_dispatch/http/mime_negotiation.rb:63:in `block in formats'
  /home/fwadmin/.rbenv/versions/2.4.1/lib/ruby/gems/2.4.0/gems/rack-2.0.3/lib/rack/request.rb:57:in `fetch'
  /home/fwadmin/.rbenv/versions/2.4.1/lib/ruby/gems/2.4.0/gems/rack-2.0.3/lib/rack/request.rb:57:in `fetch_header'
  /home/fwadmin/.rbenv/versions/2.4.1/lib/ruby/gems/2.4.0/gems/actionpack-5.1.3/lib/action_dispatch/http/mime_negotiation.rb:61:in `formats'
  /home/fwadmin/.rbenv/versions/2.4.1/lib/ruby/gems/2.4.0/gems/actionpack-5.1.3/lib/action_dispatch/middleware/public_exceptions.rb:22:in `call'
  /home/fwadmin/.rbenv/versions/2.4.1/lib/ruby/gems/2.4.0/gems/actionpack-5.1.3/lib/action_dispatch/middleware/show_exceptions.rb:49:in `render_exception'
  /home/fwadmin/.rbenv/versions/2.4.1/lib/ruby/gems/2.4.0/gems/actionpack-5.1.3/lib/action_dispatch/middleware/show_exceptions.rb:34:in `rescue in call'
  /home/fwadmin/.rbenv/versions/2.4.1/lib/ruby/gems/2.4.0/gems/actionpack-5.1.3/lib/action_dispatch/middleware/show_exceptions.rb:30:in `call'
  /home/fwadmin/.rbenv/versions/2.4.1/lib/ruby/gems/2.4.0/gems/railties-5.1.3/lib/rails/rack/logger.rb:36:in `call_app'
  /home/fwadmin/.rbenv/versions/2.4.1/lib/ruby/gems/2.4.0/gems/railties-5.1.3/lib/rails/rack/logger.rb:24:in `block in call'
  /home/fwadmin/.rbenv/versions/2.4.1/lib/ruby/gems/2.4.0/gems/activesupport-5.1.3/lib/active_support/tagged_logging.rb:69:in `block in tagged'
  /home/fwadmin/.rbenv/versions/2.4.1/lib/ruby/gems/2.4.0/gems/activesupport-5.1.3/lib/active_support/tagged_logging.rb:26:in `tagged'
  /home/fwadmin/.rbenv/versions/2.4.1/lib/ruby/gems/2.4.0/gems/activesupport-5.1.3/lib/active_support/tagged_logging.rb:69:in `tagged'
  /home/fwadmin/.rbenv/versions/2.4.1/lib/ruby/gems/2.4.0/gems/railties-5.1.3/lib/rails/rack/logger.rb:24:in `call'
  /home/fwadmin/.rbenv/versions/2.4.1/lib/ruby/gems/2.4.0/gems/sprockets-rails-3.2.0/lib/sprockets/rails/quiet_assets.rb:13:in `call'
  /home/fwadmin/.rbenv/versions/2.4.1/lib/ruby/gems/2.4.0/gems/actionpack-5.1.3/lib/action_dispatch/middleware/remote_ip.rb:79:in `call'
  /home/fwadmin/.rbenv/versions/2.4.1/lib/ruby/gems/2.4.0/gems/actionpack-5.1.3/lib/action_dispatch/middleware/request_id.rb:25:in `call'
  /home/fwadmin/.rbenv/versions/2.4.1/lib/ruby/gems/2.4.0/gems/rack-2.0.3/lib/rack/method_override.rb:22:in `call'
  /home/fwadmin/.rbenv/versions/2.4.1/lib/ruby/gems/2.4.0/gems/rack-2.0.3/lib/rack/runtime.rb:22:in `call'
  /home/fwadmin/.rbenv/versions/2.4.1/lib/ruby/gems/2.4.0/gems/activesupport-5.1.3/lib/active_support/cache/strategy/local_cache_middleware.rb:27:in `call'
  /home/fwadmin/.rbenv/versions/2.4.1/lib/ruby/gems/2.4.0/gems/actionpack-5.1.3/lib/action_dispatch/middleware/executor.rb:12:in `call'
  /home/fwadmin/.rbenv/versions/2.4.1/lib/ruby/gems/2.4.0/gems/actionpack-5.1.3/lib/action_dispatch/middleware/static.rb:125:in `call'
  /home/fwadmin/.rbenv/versions/2.4.1/lib/ruby/gems/2.4.0/gems/rack-2.0.3/lib/rack/sendfile.rb:111:in `call'
  /home/fwadmin/.rbenv/versions/2.4.1/lib/ruby/gems/2.4.0/gems/railties-5.1.3/lib/rails/engine.rb:522:in `call'
  /home/fwadmin/.rbenv/versions/2.4.1/lib/ruby/gems/2.4.0/gems/puma-3.10.0/lib/puma/configuration.rb:225:in `call'
  /home/fwadmin/.rbenv/versions/2.4.1/lib/ruby/gems/2.4.0/gems/puma-3.10.0/lib/puma/server.rb:605:in `handle_request'
  /home/fwadmin/.rbenv/versions/2.4.1/lib/ruby/gems/2.4.0/gems/puma-3.10.0/lib/puma/server.rb:437:in `process_client'
  /home/fwadmin/.rbenv/versions/2.4.1/lib/ruby/gems/2.4.0/gems/puma-3.10.0/lib/puma/server.rb:301:in `block in run'
  /home/fwadmin/.rbenv/versions/2.4.1/lib/ruby/gems/2.4.0/gems/puma-3.10.0/lib/puma/thread_pool.rb:120:in `block in spawn_thread'
Error during failsafe response: /home/fwadmin/apps/sigus/app/controllers/reports_controller.rb:182: syntax error, unexpected end-of-input, expecting keyword_end
  /home/fwadmin/.rbenv/versions/2.4.1/lib/ruby/gems/2.4.0/gems/activesupport-5.1.3/lib/active_support/dependencies.rb:476:in `load'
  /home/fwadmin/.rbenv/versions/2.4.1/lib/ruby/gems/2.4.0/gems/activesupport-5.1.3/lib/active_support/dependencies.rb:476:in `block in load_file'
  /home/fwadmin/.rbenv/versions/2.4.1/lib/ruby/gems/2.4.0/gems/activesupport-5.1.3/lib/active_support/dependencies.rb:661:in `new_constants_in'
  /home/fwadmin/.rbenv/versions/2.4.1/lib/ruby/gems/2.4.0/gems/activesupport-5.1.3/lib/active_support/dependencies.rb:475:in `load_file'
  /home/fwadmin/.rbenv/versions/2.4.1/lib/ruby/gems/2.4.0/gems/activesupport-5.1.3/lib/active_support/dependencies.rb:374:in `block in require_or_load'
  /home/fwadmin/.rbenv/versions/2.4.1/lib/ruby/gems/2.4.0/gems/activesupport-5.1.3/lib/active_support/dependencies.rb:36:in `block in load_interlock'
  /home/fwadmin/.rbenv/versions/2.4.1/lib/ruby/gems/2.4.0/gems/activesupport-5.1.3/lib/active_support/dependencies/interlock.rb:12:in `block in loading'
  /home/fwadmin/.rbenv/versions/2.4.1/lib/ruby/gems/2.4.0/gems/activesupport-5.1.3/lib/active_support/concurrency/share_lock.rb:149:in `exclusive'
  /home/fwadmin/.rbenv/versions/2.4.1/lib/ruby/gems/2.4.0/gems/activesupport-5.1.3/lib/active_support/dependencies/interlock.rb:11:in `loading'
  /home/fwadmin/.rbenv/versions/2.4.1/lib/ruby/gems/2.4.0/gems/activesupport-5.1.3/lib/active_support/dependencies.rb:36:in `load_interlock'
  /home/fwadmin/.rbenv/versions/2.4.1/lib/ruby/gems/2.4.0/gems/activesupport-5.1.3/lib/active_support/dependencies.rb:357:in `require_or_load'
  /home/fwadmin/.rbenv/versions/2.4.1/lib/ruby/gems/2.4.0/gems/activesupport-5.1.3/lib/active_support/dependencies.rb:510:in `load_missing_constant'
  /home/fwadmin/.rbenv/versions/2.4.1/lib/ruby/gems/2.4.0/gems/activesupport-5.1.3/lib/active_support/dependencies.rb:202:in `const_missing'
  /home/fwadmin/.rbenv/versions/2.4.1/lib/ruby/gems/2.4.0/gems/activesupport-5.1.3/lib/active_support/inflector/methods.rb:269:in `const_get'
  /home/fwadmin/.rbenv/versions/2.4.1/lib/ruby/gems/2.4.0/gems/activesupport-5.1.3/lib/active_support/inflector/methods.rb:269:in `block in constantize'
  /home/fwadmin/.rbenv/versions/2.4.1/lib/ruby/gems/2.4.0/gems/activesupport-5.1.3/lib/active_support/inflector/methods.rb:267:in `each'
  /home/fwadmin/.rbenv/versions/2.4.1/lib/ruby/gems/2.4.0/gems/activesupport-5.1.3/lib/active_support/inflector/methods.rb:267:in `inject'
  /home/fwadmin/.rbenv/versions/2.4.1/lib/ruby/gems/2.4.0/gems/activesupport-5.1.3/lib/active_support/inflector/methods.rb:267:in `constantize'
  /home/fwadmin/.rbenv/versions/2.4.1/lib/ruby/gems/2.4.0/gems/activesupport-5.1.3/lib/active_support/dependencies.rb:582:in `get'
  /home/fwadmin/.rbenv/versions/2.4.1/lib/ruby/gems/2.4.0/gems/activesupport-5.1.3/lib/active_support/dependencies.rb:613:in `constantize'
  /home/fwadmin/.rbenv/versions/2.4.1/lib/ruby/gems/2.4.0/gems/actionpack-5.1.3/lib/action_dispatch/http/request.rb:82:in `controller_class'
  /home/fwadmin/.rbenv/versions/2.4.1/lib/ruby/gems/2.4.0/gems/actionpack-5.1.3/lib/action_dispatch/http/parameters.rb:97:in `binary_params_for?'
  /home/fwadmin/.rbenv/versions/2.4.1/lib/ruby/gems/2.4.0/gems/actionpack-5.1.3/lib/action_dispatch/http/parameters.rb:88:in `set_binary_encoding'
  /home/fwadmin/.rbenv/versions/2.4.1/lib/ruby/gems/2.4.0/gems/actionpack-5.1.3/lib/action_dispatch/http/parameters.rb:58:in `parameters'
  /home/fwadmin/.rbenv/versions/2.4.1/lib/ruby/gems/2.4.0/gems/actionpack-5.1.3/lib/action_dispatch/http/mime_negotiation.rb:63:in `block in formats'
  /home/fwadmin/.rbenv/versions/2.4.1/lib/ruby/gems/2.4.0/gems/rack-2.0.3/lib/rack/request.rb:57:in `fetch'
  /home/fwadmin/.rbenv/versions/2.4.1/lib/ruby/gems/2.4.0/gems/rack-2.0.3/lib/rack/request.rb:57:in `fetch_header'
  /home/fwadmin/.rbenv/versions/2.4.1/lib/ruby/gems/2.4.0/gems/actionpack-5.1.3/lib/action_dispatch/http/mime_negotiation.rb:61:in `formats'
  /home/fwadmin/.rbenv/versions/2.4.1/lib/ruby/gems/2.4.0/gems/actionpack-5.1.3/lib/action_dispatch/middleware/public_exceptions.rb:22:in `call'
  /home/fwadmin/.rbenv/versions/2.4.1/lib/ruby/gems/2.4.0/gems/actionpack-5.1.3/lib/action_dispatch/middleware/show_exceptions.rb:49:in `render_exception'
  /home/fwadmin/.rbenv/versions/2.4.1/lib/ruby/gems/2.4.0/gems/actionpack-5.1.3/lib/action_dispatch/middleware/show_exceptions.rb:34:in `rescue in call'
  /home/fwadmin/.rbenv/versions/2.4.1/lib/ruby/gems/2.4.0/gems/actionpack-5.1.3/lib/action_dispatch/middleware/show_exceptions.rb:30:in `call'
  /home/fwadmin/.rbenv/versions/2.4.1/lib/ruby/gems/2.4.0/gems/railties-5.1.3/lib/rails/rack/logger.rb:36:in `call_app'
  /home/fwadmin/.rbenv/versions/2.4.1/lib/ruby/gems/2.4.0/gems/railties-5.1.3/lib/rails/rack/logger.rb:24:in `block in call'
  /home/fwadmin/.rbenv/versions/2.4.1/lib/ruby/gems/2.4.0/gems/activesupport-5.1.3/lib/active_support/tagged_logging.rb:69:in `block in tagged'
  /home/fwadmin/.rbenv/versions/2.4.1/lib/ruby/gems/2.4.0/gems/activesupport-5.1.3/lib/active_support/tagged_logging.rb:26:in `tagged'
  /home/fwadmin/.rbenv/versions/2.4.1/lib/ruby/gems/2.4.0/gems/activesupport-5.1.3/lib/active_support/tagged_logging.rb:69:in `tagged'
  /home/fwadmin/.rbenv/versions/2.4.1/lib/ruby/gems/2.4.0/gems/railties-5.1.3/lib/rails/rack/logger.rb:24:in `call'
  /home/fwadmin/.rbenv/versions/2.4.1/lib/ruby/gems/2.4.0/gems/sprockets-rails-3.2.0/lib/sprockets/rails/quiet_assets.rb:13:in `call'
  /home/fwadmin/.rbenv/versions/2.4.1/lib/ruby/gems/2.4.0/gems/actionpack-5.1.3/lib/action_dispatch/middleware/remote_ip.rb:79:in `call'
  /home/fwadmin/.rbenv/versions/2.4.1/lib/ruby/gems/2.4.0/gems/actionpack-5.1.3/lib/action_dispatch/middleware/request_id.rb:25:in `call'
  /home/fwadmin/.rbenv/versions/2.4.1/lib/ruby/gems/2.4.0/gems/rack-2.0.3/lib/rack/method_override.rb:22:in `call'
  /home/fwadmin/.rbenv/versions/2.4.1/lib/ruby/gems/2.4.0/gems/rack-2.0.3/lib/rack/runtime.rb:22:in `call'
  /home/fwadmin/.rbenv/versions/2.4.1/lib/ruby/gems/2.4.0/gems/activesupport-5.1.3/lib/active_support/cache/strategy/local_cache_middleware.rb:27:in `call'
  /home/fwadmin/.rbenv/versions/2.4.1/lib/ruby/gems/2.4.0/gems/actionpack-5.1.3/lib/action_dispatch/middleware/executor.rb:12:in `call'
  /home/fwadmin/.rbenv/versions/2.4.1/lib/ruby/gems/2.4.0/gems/actionpack-5.1.3/lib/action_dispatch/middleware/static.rb:125:in `call'
  /home/fwadmin/.rbenv/versions/2.4.1/lib/ruby/gems/2.4.0/gems/rack-2.0.3/lib/rack/sendfile.rb:111:in `call'
  /home/fwadmin/.rbenv/versions/2.4.1/lib/ruby/gems/2.4.0/gems/railties-5.1.3/lib/rails/engine.rb:522:in `call'
  /home/fwadmin/.rbenv/versions/2.4.1/lib/ruby/gems/2.4.0/gems/puma-3.10.0/lib/puma/configuration.rb:225:in `call'
  /home/fwadmin/.rbenv/versions/2.4.1/lib/ruby/gems/2.4.0/gems/puma-3.10.0/lib/puma/server.rb:605:in `handle_request'
  /home/fwadmin/.rbenv/versions/2.4.1/lib/ruby/gems/2.4.0/gems/puma-3.10.0/lib/puma/server.rb:437:in `process_client'
  /home/fwadmin/.rbenv/versions/2.4.1/lib/ruby/gems/2.4.0/gems/puma-3.10.0/lib/puma/server.rb:301:in `block in run'
  /home/fwadmin/.rbenv/versions/2.4.1/lib/ruby/gems/2.4.0/gems/puma-3.10.0/lib/puma/thread_pool.rb:120:in `block in spawn_thread'
Error during failsafe response: /home/fwadmin/apps/sigus/app/controllers/reports_controller.rb:182: syntax error, unexpected end-of-input, expecting keyword_end
  /home/fwadmin/.rbenv/versions/2.4.1/lib/ruby/gems/2.4.0/gems/activesupport-5.1.3/lib/active_support/dependencies.rb:476:in `load'
  /home/fwadmin/.rbenv/versions/2.4.1/lib/ruby/gems/2.4.0/gems/activesupport-5.1.3/lib/active_support/dependencies.rb:476:in `block in load_file'
  /home/fwadmin/.rbenv/versions/2.4.1/lib/ruby/gems/2.4.0/gems/activesupport-5.1.3/lib/active_support/dependencies.rb:661:in `new_constants_in'
  /home/fwadmin/.rbenv/versions/2.4.1/lib/ruby/gems/2.4.0/gems/activesupport-5.1.3/lib/active_support/dependencies.rb:475:in `load_file'
  /home/fwadmin/.rbenv/versions/2.4.1/lib/ruby/gems/2.4.0/gems/activesupport-5.1.3/lib/active_support/dependencies.rb:374:in `block in require_or_load'
  /home/fwadmin/.rbenv/versions/2.4.1/lib/ruby/gems/2.4.0/gems/activesupport-5.1.3/lib/active_support/dependencies.rb:36:in `block in load_interlock'
  /home/fwadmin/.rbenv/versions/2.4.1/lib/ruby/gems/2.4.0/gems/activesupport-5.1.3/lib/active_support/dependencies/interlock.rb:12:in `block in loading'
  /home/fwadmin/.rbenv/versions/2.4.1/lib/ruby/gems/2.4.0/gems/activesupport-5.1.3/lib/active_support/concurrency/share_lock.rb:149:in `exclusive'
  /home/fwadmin/.rbenv/versions/2.4.1/lib/ruby/gems/2.4.0/gems/activesupport-5.1.3/lib/active_support/dependencies/interlock.rb:11:in `loading'
  /home/fwadmin/.rbenv/versions/2.4.1/lib/ruby/gems/2.4.0/gems/activesupport-5.1.3/lib/active_support/dependencies.rb:36:in `load_interlock'
  /home/fwadmin/.rbenv/versions/2.4.1/lib/ruby/gems/2.4.0/gems/activesupport-5.1.3/lib/active_support/dependencies.rb:357:in `require_or_load'
  /home/fwadmin/.rbenv/versions/2.4.1/lib/ruby/gems/2.4.0/gems/activesupport-5.1.3/lib/active_support/dependencies.rb:510:in `load_missing_constant'
  /home/fwadmin/.rbenv/versions/2.4.1/lib/ruby/gems/2.4.0/gems/activesupport-5.1.3/lib/active_support/dependencies.rb:202:in `const_missing'
  /home/fwadmin/.rbenv/versions/2.4.1/lib/ruby/gems/2.4.0/gems/activesupport-5.1.3/lib/active_support/inflector/methods.rb:269:in `const_get'
  /home/fwadmin/.rbenv/versions/2.4.1/lib/ruby/gems/2.4.0/gems/activesupport-5.1.3/lib/active_support/inflector/methods.rb:269:in `block in constantize'
  /home/fwadmin/.rbenv/versions/2.4.1/lib/ruby/gems/2.4.0/gems/activesupport-5.1.3/lib/active_support/inflector/methods.rb:267:in `each'
  /home/fwadmin/.rbenv/versions/2.4.1/lib/ruby/gems/2.4.0/gems/activesupport-5.1.3/lib/active_support/inflector/methods.rb:267:in `inject'
  /home/fwadmin/.rbenv/versions/2.4.1/lib/ruby/gems/2.4.0/gems/activesupport-5.1.3/lib/active_support/inflector/methods.rb:267:in `constantize'
  /home/fwadmin/.rbenv/versions/2.4.1/lib/ruby/gems/2.4.0/gems/activesupport-5.1.3/lib/active_support/dependencies.rb:582:in `get'
  /home/fwadmin/.rbenv/versions/2.4.1/lib/ruby/gems/2.4.0/gems/activesupport-5.1.3/lib/active_support/dependencies.rb:613:in `constantize'
  /home/fwadmin/.rbenv/versions/2.4.1/lib/ruby/gems/2.4.0/gems/actionpack-5.1.3/lib/action_dispatch/http/request.rb:82:in `controller_class'
  /home/fwadmin/.rbenv/versions/2.4.1/lib/ruby/gems/2.4.0/gems/actionpack-5.1.3/lib/action_dispatch/http/parameters.rb:97:in `binary_params_for?'
  /home/fwadmin/.rbenv/versions/2.4.1/lib/ruby/gems/2.4.0/gems/actionpack-5.1.3/lib/action_dispatch/http/parameters.rb:88:in `set_binary_encoding'
  /home/fwadmin/.rbenv/versions/2.4.1/lib/ruby/gems/2.4.0/gems/actionpack-5.1.3/lib/action_dispatch/http/parameters.rb:58:in `parameters'
  /home/fwadmin/.rbenv/versions/2.4.1/lib/ruby/gems/2.4.0/gems/actionpack-5.1.3/lib/action_dispatch/http/mime_negotiation.rb:63:in `block in formats'
  /home/fwadmin/.rbenv/versions/2.4.1/lib/ruby/gems/2.4.0/gems/rack-2.0.3/lib/rack/request.rb:57:in `fetch'
  /home/fwadmin/.rbenv/versions/2.4.1/lib/ruby/gems/2.4.0/gems/rack-2.0.3/lib/rack/request.rb:57:in `fetch_header'
  /home/fwadmin/.rbenv/versions/2.4.1/lib/ruby/gems/2.4.0/gems/actionpack-5.1.3/lib/action_dispatch/http/mime_negotiation.rb:61:in `formats'
  /home/fwadmin/.rbenv/versions/2.4.1/lib/ruby/gems/2.4.0/gems/actionpack-5.1.3/lib/action_dispatch/middleware/public_exceptions.rb:22:in `call'
  /home/fwadmin/.rbenv/versions/2.4.1/lib/ruby/gems/2.4.0/gems/actionpack-5.1.3/lib/action_dispatch/middleware/show_exceptions.rb:49:in `render_exception'
  /home/fwadmin/.rbenv/versions/2.4.1/lib/ruby/gems/2.4.0/gems/actionpack-5.1.3/lib/action_dispatch/middleware/show_exceptions.rb:34:in `rescue in call'
  /home/fwadmin/.rbenv/versions/2.4.1/lib/ruby/gems/2.4.0/gems/actionpack-5.1.3/lib/action_dispatch/middleware/show_exceptions.rb:30:in `call'
  /home/fwadmin/.rbenv/versions/2.4.1/lib/ruby/gems/2.4.0/gems/railties-5.1.3/lib/rails/rack/logger.rb:36:in `call_app'
  /home/fwadmin/.rbenv/versions/2.4.1/lib/ruby/gems/2.4.0/gems/railties-5.1.3/lib/rails/rack/logger.rb:24:in `block in call'
  /home/fwadmin/.rbenv/versions/2.4.1/lib/ruby/gems/2.4.0/gems/activesupport-5.1.3/lib/active_support/tagged_logging.rb:69:in `block in tagged'
  /home/fwadmin/.rbenv/versions/2.4.1/lib/ruby/gems/2.4.0/gems/activesupport-5.1.3/lib/active_support/tagged_logging.rb:26:in `tagged'
  /home/fwadmin/.rbenv/versions/2.4.1/lib/ruby/gems/2.4.0/gems/activesupport-5.1.3/lib/active_support/tagged_logging.rb:69:in `tagged'
  /home/fwadmin/.rbenv/versions/2.4.1/lib/ruby/gems/2.4.0/gems/railties-5.1.3/lib/rails/rack/logger.rb:24:in `call'
  /home/fwadmin/.rbenv/versions/2.4.1/lib/ruby/gems/2.4.0/gems/sprockets-rails-3.2.0/lib/sprockets/rails/quiet_assets.rb:13:in `call'
  /home/fwadmin/.rbenv/versions/2.4.1/lib/ruby/gems/2.4.0/gems/actionpack-5.1.3/lib/action_dispatch/middleware/remote_ip.rb:79:in `call'
  /home/fwadmin/.rbenv/versions/2.4.1/lib/ruby/gems/2.4.0/gems/actionpack-5.1.3/lib/action_dispatch/middleware/request_id.rb:25:in `call'
  /home/fwadmin/.rbenv/versions/2.4.1/lib/ruby/gems/2.4.0/gems/rack-2.0.3/lib/rack/method_override.rb:22:in `call'
  /home/fwadmin/.rbenv/versions/2.4.1/lib/ruby/gems/2.4.0/gems/rack-2.0.3/lib/rack/runtime.rb:22:in `call'
  /home/fwadmin/.rbenv/versions/2.4.1/lib/ruby/gems/2.4.0/gems/activesupport-5.1.3/lib/active_support/cache/strategy/local_cache_middleware.rb:27:in `call'
  /home/fwadmin/.rbenv/versions/2.4.1/lib/ruby/gems/2.4.0/gems/actionpack-5.1.3/lib/action_dispatch/middleware/executor.rb:12:in `call'
  /home/fwadmin/.rbenv/versions/2.4.1/lib/ruby/gems/2.4.0/gems/actionpack-5.1.3/lib/action_dispatch/middleware/static.rb:125:in `call'
  /home/fwadmin/.rbenv/versions/2.4.1/lib/ruby/gems/2.4.0/gems/rack-2.0.3/lib/rack/sendfile.rb:111:in `call'
  /home/fwadmin/.rbenv/versions/2.4.1/lib/ruby/gems/2.4.0/gems/railties-5.1.3/lib/rails/engine.rb:522:in `call'
  /home/fwadmin/.rbenv/versions/2.4.1/lib/ruby/gems/2.4.0/gems/puma-3.10.0/lib/puma/configuration.rb:225:in `call'
  /home/fwadmin/.rbenv/versions/2.4.1/lib/ruby/gems/2.4.0/gems/puma-3.10.0/lib/puma/server.rb:605:in `handle_request'
  /home/fwadmin/.rbenv/versions/2.4.1/lib/ruby/gems/2.4.0/gems/puma-3.10.0/lib/puma/server.rb:437:in `process_client'
  /home/fwadmin/.rbenv/versions/2.4.1/lib/ruby/gems/2.4.0/gems/puma-3.10.0/lib/puma/server.rb:301:in `block in run'
  /home/fwadmin/.rbenv/versions/2.4.1/lib/ruby/gems/2.4.0/gems/puma-3.10.0/lib/puma/thread_pool.rb:120:in `block in spawn_thread'
Error during failsafe response: /home/fwadmin/apps/sigus/app/controllers/reports_controller.rb:182: syntax error, unexpected end-of-input, expecting keyword_end
  /home/fwadmin/.rbenv/versions/2.4.1/lib/ruby/gems/2.4.0/gems/activesupport-5.1.3/lib/active_support/dependencies.rb:476:in `load'
  /home/fwadmin/.rbenv/versions/2.4.1/lib/ruby/gems/2.4.0/gems/activesupport-5.1.3/lib/active_support/dependencies.rb:476:in `block in load_file'
  /home/fwadmin/.rbenv/versions/2.4.1/lib/ruby/gems/2.4.0/gems/activesupport-5.1.3/lib/active_support/dependencies.rb:661:in `new_constants_in'
  /home/fwadmin/.rbenv/versions/2.4.1/lib/ruby/gems/2.4.0/gems/activesupport-5.1.3/lib/active_support/dependencies.rb:475:in `load_file'
  /home/fwadmin/.rbenv/versions/2.4.1/lib/ruby/gems/2.4.0/gems/activesupport-5.1.3/lib/active_support/dependencies.rb:374:in `block in require_or_load'
  /home/fwadmin/.rbenv/versions/2.4.1/lib/ruby/gems/2.4.0/gems/activesupport-5.1.3/lib/active_support/dependencies.rb:36:in `block in load_interlock'
  /home/fwadmin/.rbenv/versions/2.4.1/lib/ruby/gems/2.4.0/gems/activesupport-5.1.3/lib/active_support/dependencies/interlock.rb:12:in `block in loading'
  /home/fwadmin/.rbenv/versions/2.4.1/lib/ruby/gems/2.4.0/gems/activesupport-5.1.3/lib/active_support/concurrency/share_lock.rb:149:in `exclusive'
  /home/fwadmin/.rbenv/versions/2.4.1/lib/ruby/gems/2.4.0/gems/activesupport-5.1.3/lib/active_support/dependencies/interlock.rb:11:in `loading'
  /home/fwadmin/.rbenv/versions/2.4.1/lib/ruby/gems/2.4.0/gems/activesupport-5.1.3/lib/active_support/dependencies.rb:36:in `load_interlock'
  /home/fwadmin/.rbenv/versions/2.4.1/lib/ruby/gems/2.4.0/gems/activesupport-5.1.3/lib/active_support/dependencies.rb:357:in `require_or_load'
  /home/fwadmin/.rbenv/versions/2.4.1/lib/ruby/gems/2.4.0/gems/activesupport-5.1.3/lib/active_support/dependencies.rb:510:in `load_missing_constant'
  /home/fwadmin/.rbenv/versions/2.4.1/lib/ruby/gems/2.4.0/gems/activesupport-5.1.3/lib/active_support/dependencies.rb:202:in `const_missing'
  /home/fwadmin/.rbenv/versions/2.4.1/lib/ruby/gems/2.4.0/gems/activesupport-5.1.3/lib/active_support/inflector/methods.rb:269:in `const_get'
  /home/fwadmin/.rbenv/versions/2.4.1/lib/ruby/gems/2.4.0/gems/activesupport-5.1.3/lib/active_support/inflector/methods.rb:269:in `block in constantize'
  /home/fwadmin/.rbenv/versions/2.4.1/lib/ruby/gems/2.4.0/gems/activesupport-5.1.3/lib/active_support/inflector/methods.rb:267:in `each'
  /home/fwadmin/.rbenv/versions/2.4.1/lib/ruby/gems/2.4.0/gems/activesupport-5.1.3/lib/active_support/inflector/methods.rb:267:in `inject'
  /home/fwadmin/.rbenv/versions/2.4.1/lib/ruby/gems/2.4.0/gems/activesupport-5.1.3/lib/active_support/inflector/methods.rb:267:in `constantize'
  /home/fwadmin/.rbenv/versions/2.4.1/lib/ruby/gems/2.4.0/gems/activesupport-5.1.3/lib/active_support/dependencies.rb:582:in `get'
  /home/fwadmin/.rbenv/versions/2.4.1/lib/ruby/gems/2.4.0/gems/activesupport-5.1.3/lib/active_support/dependencies.rb:613:in `constantize'
  /home/fwadmin/.rbenv/versions/2.4.1/lib/ruby/gems/2.4.0/gems/actionpack-5.1.3/lib/action_dispatch/http/request.rb:82:in `controller_class'
  /home/fwadmin/.rbenv/versions/2.4.1/lib/ruby/gems/2.4.0/gems/actionpack-5.1.3/lib/action_dispatch/http/parameters.rb:97:in `binary_params_for?'
  /home/fwadmin/.rbenv/versions/2.4.1/lib/ruby/gems/2.4.0/gems/actionpack-5.1.3/lib/action_dispatch/http/parameters.rb:88:in `set_binary_encoding'
  /home/fwadmin/.rbenv/versions/2.4.1/lib/ruby/gems/2.4.0/gems/actionpack-5.1.3/lib/action_dispatch/http/parameters.rb:58:in `parameters'
  /home/fwadmin/.rbenv/versions/2.4.1/lib/ruby/gems/2.4.0/gems/actionpack-5.1.3/lib/action_dispatch/http/mime_negotiation.rb:63:in `block in formats'
  /home/fwadmin/.rbenv/versions/2.4.1/lib/ruby/gems/2.4.0/gems/rack-2.0.3/lib/rack/request.rb:57:in `fetch'
  /home/fwadmin/.rbenv/versions/2.4.1/lib/ruby/gems/2.4.0/gems/rack-2.0.3/lib/rack/request.rb:57:in `fetch_header'
  /home/fwadmin/.rbenv/versions/2.4.1/lib/ruby/gems/2.4.0/gems/actionpack-5.1.3/lib/action_dispatch/http/mime_negotiation.rb:61:in `formats'
  /home/fwadmin/.rbenv/versions/2.4.1/lib/ruby/gems/2.4.0/gems/actionpack-5.1.3/lib/action_dispatch/middleware/public_exceptions.rb:22:in `call'
  /home/fwadmin/.rbenv/versions/2.4.1/lib/ruby/gems/2.4.0/gems/actionpack-5.1.3/lib/action_dispatch/middleware/show_exceptions.rb:49:in `render_exception'
  /home/fwadmin/.rbenv/versions/2.4.1/lib/ruby/gems/2.4.0/gems/actionpack-5.1.3/lib/action_dispatch/middleware/show_exceptions.rb:34:in `rescue in call'
  /home/fwadmin/.rbenv/versions/2.4.1/lib/ruby/gems/2.4.0/gems/actionpack-5.1.3/lib/action_dispatch/middleware/show_exceptions.rb:30:in `call'
  /home/fwadmin/.rbenv/versions/2.4.1/lib/ruby/gems/2.4.0/gems/railties-5.1.3/lib/rails/rack/logger.rb:36:in `call_app'
  /home/fwadmin/.rbenv/versions/2.4.1/lib/ruby/gems/2.4.0/gems/railties-5.1.3/lib/rails/rack/logger.rb:24:in `block in call'
  /home/fwadmin/.rbenv/versions/2.4.1/lib/ruby/gems/2.4.0/gems/activesupport-5.1.3/lib/active_support/tagged_logging.rb:69:in `block in tagged'
  /home/fwadmin/.rbenv/versions/2.4.1/lib/ruby/gems/2.4.0/gems/activesupport-5.1.3/lib/active_support/tagged_logging.rb:26:in `tagged'
  /home/fwadmin/.rbenv/versions/2.4.1/lib/ruby/gems/2.4.0/gems/activesupport-5.1.3/lib/active_support/tagged_logging.rb:69:in `tagged'
  /home/fwadmin/.rbenv/versions/2.4.1/lib/ruby/gems/2.4.0/gems/railties-5.1.3/lib/rails/rack/logger.rb:24:in `call'
  /home/fwadmin/.rbenv/versions/2.4.1/lib/ruby/gems/2.4.0/gems/sprockets-rails-3.2.0/lib/sprockets/rails/quiet_assets.rb:13:in `call'
  /home/fwadmin/.rbenv/versions/2.4.1/lib/ruby/gems/2.4.0/gems/actionpack-5.1.3/lib/action_dispatch/middleware/remote_ip.rb:79:in `call'
  /home/fwadmin/.rbenv/versions/2.4.1/lib/ruby/gems/2.4.0/gems/actionpack-5.1.3/lib/action_dispatch/middleware/request_id.rb:25:in `call'
  /home/fwadmin/.rbenv/versions/2.4.1/lib/ruby/gems/2.4.0/gems/rack-2.0.3/lib/rack/method_override.rb:22:in `call'
  /home/fwadmin/.rbenv/versions/2.4.1/lib/ruby/gems/2.4.0/gems/rack-2.0.3/lib/rack/runtime.rb:22:in `call'
  /home/fwadmin/.rbenv/versions/2.4.1/lib/ruby/gems/2.4.0/gems/activesupport-5.1.3/lib/active_support/cache/strategy/local_cache_middleware.rb:27:in `call'
  /home/fwadmin/.rbenv/versions/2.4.1/lib/ruby/gems/2.4.0/gems/actionpack-5.1.3/lib/action_dispatch/middleware/executor.rb:12:in `call'
  /home/fwadmin/.rbenv/versions/2.4.1/lib/ruby/gems/2.4.0/gems/actionpack-5.1.3/lib/action_dispatch/middleware/static.rb:125:in `call'
  /home/fwadmin/.rbenv/versions/2.4.1/lib/ruby/gems/2.4.0/gems/rack-2.0.3/lib/rack/sendfile.rb:111:in `call'
  /home/fwadmin/.rbenv/versions/2.4.1/lib/ruby/gems/2.4.0/gems/railties-5.1.3/lib/rails/engine.rb:522:in `call'
  /home/fwadmin/.rbenv/versions/2.4.1/lib/ruby/gems/2.4.0/gems/puma-3.10.0/lib/puma/configuration.rb:225:in `call'
  /home/fwadmin/.rbenv/versions/2.4.1/lib/ruby/gems/2.4.0/gems/puma-3.10.0/lib/puma/server.rb:605:in `handle_request'
  /home/fwadmin/.rbenv/versions/2.4.1/lib/ruby/gems/2.4.0/gems/puma-3.10.0/lib/puma/server.rb:437:in `process_client'
  /home/fwadmin/.rbenv/versions/2.4.1/lib/ruby/gems/2.4.0/gems/puma-3.10.0/lib/puma/server.rb:301:in `block in run'
  /home/fwadmin/.rbenv/versions/2.4.1/lib/ruby/gems/2.4.0/gems/puma-3.10.0/lib/puma/thread_pool.rb:120:in `block in spawn_thread'
Error during failsafe response: /home/fwadmin/apps/sigus/app/controllers/reports_controller.rb:182: syntax error, unexpected end-of-input, expecting keyword_end
  /home/fwadmin/.rbenv/versions/2.4.1/lib/ruby/gems/2.4.0/gems/activesupport-5.1.3/lib/active_support/dependencies.rb:476:in `load'
  /home/fwadmin/.rbenv/versions/2.4.1/lib/ruby/gems/2.4.0/gems/activesupport-5.1.3/lib/active_support/dependencies.rb:476:in `block in load_file'
  /home/fwadmin/.rbenv/versions/2.4.1/lib/ruby/gems/2.4.0/gems/activesupport-5.1.3/lib/active_support/dependencies.rb:661:in `new_constants_in'
  /home/fwadmin/.rbenv/versions/2.4.1/lib/ruby/gems/2.4.0/gems/activesupport-5.1.3/lib/active_support/dependencies.rb:475:in `load_file'
  /home/fwadmin/.rbenv/versions/2.4.1/lib/ruby/gems/2.4.0/gems/activesupport-5.1.3/lib/active_support/dependencies.rb:374:in `block in require_or_load'
  /home/fwadmin/.rbenv/versions/2.4.1/lib/ruby/gems/2.4.0/gems/activesupport-5.1.3/lib/active_support/dependencies.rb:36:in `block in load_interlock'
  /home/fwadmin/.rbenv/versions/2.4.1/lib/ruby/gems/2.4.0/gems/activesupport-5.1.3/lib/active_support/dependencies/interlock.rb:12:in `block in loading'
  /home/fwadmin/.rbenv/versions/2.4.1/lib/ruby/gems/2.4.0/gems/activesupport-5.1.3/lib/active_support/concurrency/share_lock.rb:149:in `exclusive'
  /home/fwadmin/.rbenv/versions/2.4.1/lib/ruby/gems/2.4.0/gems/activesupport-5.1.3/lib/active_support/dependencies/interlock.rb:11:in `loading'
  /home/fwadmin/.rbenv/versions/2.4.1/lib/ruby/gems/2.4.0/gems/activesupport-5.1.3/lib/active_support/dependencies.rb:36:in `load_interlock'
  /home/fwadmin/.rbenv/versions/2.4.1/lib/ruby/gems/2.4.0/gems/activesupport-5.1.3/lib/active_support/dependencies.rb:357:in `require_or_load'
  /home/fwadmin/.rbenv/versions/2.4.1/lib/ruby/gems/2.4.0/gems/activesupport-5.1.3/lib/active_support/dependencies.rb:510:in `load_missing_constant'
  /home/fwadmin/.rbenv/versions/2.4.1/lib/ruby/gems/2.4.0/gems/activesupport-5.1.3/lib/active_support/dependencies.rb:202:in `const_missing'
  /home/fwadmin/.rbenv/versions/2.4.1/lib/ruby/gems/2.4.0/gems/activesupport-5.1.3/lib/active_support/inflector/methods.rb:269:in `const_get'
  /home/fwadmin/.rbenv/versions/2.4.1/lib/ruby/gems/2.4.0/gems/activesupport-5.1.3/lib/active_support/inflector/methods.rb:269:in `block in constantize'
  /home/fwadmin/.rbenv/versions/2.4.1/lib/ruby/gems/2.4.0/gems/activesupport-5.1.3/lib/active_support/inflector/methods.rb:267:in `each'
  /home/fwadmin/.rbenv/versions/2.4.1/lib/ruby/gems/2.4.0/gems/activesupport-5.1.3/lib/active_support/inflector/methods.rb:267:in `inject'
  /home/fwadmin/.rbenv/versions/2.4.1/lib/ruby/gems/2.4.0/gems/activesupport-5.1.3/lib/active_support/inflector/methods.rb:267:in `constantize'
  /home/fwadmin/.rbenv/versions/2.4.1/lib/ruby/gems/2.4.0/gems/activesupport-5.1.3/lib/active_support/dependencies.rb:582:in `get'
  /home/fwadmin/.rbenv/versions/2.4.1/lib/ruby/gems/2.4.0/gems/activesupport-5.1.3/lib/active_support/dependencies.rb:613:in `constantize'
  /home/fwadmin/.rbenv/versions/2.4.1/lib/ruby/gems/2.4.0/gems/actionpack-5.1.3/lib/action_dispatch/http/request.rb:82:in `controller_class'
  /home/fwadmin/.rbenv/versions/2.4.1/lib/ruby/gems/2.4.0/gems/actionpack-5.1.3/lib/action_dispatch/http/parameters.rb:97:in `binary_params_for?'
  /home/fwadmin/.rbenv/versions/2.4.1/lib/ruby/gems/2.4.0/gems/actionpack-5.1.3/lib/action_dispatch/http/parameters.rb:88:in `set_binary_encoding'
  /home/fwadmin/.rbenv/versions/2.4.1/lib/ruby/gems/2.4.0/gems/actionpack-5.1.3/lib/action_dispatch/http/parameters.rb:58:in `parameters'
  /home/fwadmin/.rbenv/versions/2.4.1/lib/ruby/gems/2.4.0/gems/actionpack-5.1.3/lib/action_dispatch/http/mime_negotiation.rb:63:in `block in formats'
  /home/fwadmin/.rbenv/versions/2.4.1/lib/ruby/gems/2.4.0/gems/rack-2.0.3/lib/rack/request.rb:57:in `fetch'
  /home/fwadmin/.rbenv/versions/2.4.1/lib/ruby/gems/2.4.0/gems/rack-2.0.3/lib/rack/request.rb:57:in `fetch_header'
  /home/fwadmin/.rbenv/versions/2.4.1/lib/ruby/gems/2.4.0/gems/actionpack-5.1.3/lib/action_dispatch/http/mime_negotiation.rb:61:in `formats'
  /home/fwadmin/.rbenv/versions/2.4.1/lib/ruby/gems/2.4.0/gems/actionpack-5.1.3/lib/action_dispatch/middleware/public_exceptions.rb:22:in `call'
  /home/fwadmin/.rbenv/versions/2.4.1/lib/ruby/gems/2.4.0/gems/actionpack-5.1.3/lib/action_dispatch/middleware/show_exceptions.rb:49:in `render_exception'
  /home/fwadmin/.rbenv/versions/2.4.1/lib/ruby/gems/2.4.0/gems/actionpack-5.1.3/lib/action_dispatch/middleware/show_exceptions.rb:34:in `rescue in call'
  /home/fwadmin/.rbenv/versions/2.4.1/lib/ruby/gems/2.4.0/gems/actionpack-5.1.3/lib/action_dispatch/middleware/show_exceptions.rb:30:in `call'
  /home/fwadmin/.rbenv/versions/2.4.1/lib/ruby/gems/2.4.0/gems/railties-5.1.3/lib/rails/rack/logger.rb:36:in `call_app'
  /home/fwadmin/.rbenv/versions/2.4.1/lib/ruby/gems/2.4.0/gems/railties-5.1.3/lib/rails/rack/logger.rb:24:in `block in call'
  /home/fwadmin/.rbenv/versions/2.4.1/lib/ruby/gems/2.4.0/gems/activesupport-5.1.3/lib/active_support/tagged_logging.rb:69:in `block in tagged'
  /home/fwadmin/.rbenv/versions/2.4.1/lib/ruby/gems/2.4.0/gems/activesupport-5.1.3/lib/active_support/tagged_logging.rb:26:in `tagged'
  /home/fwadmin/.rbenv/versions/2.4.1/lib/ruby/gems/2.4.0/gems/activesupport-5.1.3/lib/active_support/tagged_logging.rb:69:in `tagged'
  /home/fwadmin/.rbenv/versions/2.4.1/lib/ruby/gems/2.4.0/gems/railties-5.1.3/lib/rails/rack/logger.rb:24:in `call'
  /home/fwadmin/.rbenv/versions/2.4.1/lib/ruby/gems/2.4.0/gems/sprockets-rails-3.2.0/lib/sprockets/rails/quiet_assets.rb:13:in `call'
  /home/fwadmin/.rbenv/versions/2.4.1/lib/ruby/gems/2.4.0/gems/actionpack-5.1.3/lib/action_dispatch/middleware/remote_ip.rb:79:in `call'
  /home/fwadmin/.rbenv/versions/2.4.1/lib/ruby/gems/2.4.0/gems/actionpack-5.1.3/lib/action_dispatch/middleware/request_id.rb:25:in `call'
  /home/fwadmin/.rbenv/versions/2.4.1/lib/ruby/gems/2.4.0/gems/rack-2.0.3/lib/rack/method_override.rb:22:in `call'
  /home/fwadmin/.rbenv/versions/2.4.1/lib/ruby/gems/2.4.0/gems/rack-2.0.3/lib/rack/runtime.rb:22:in `call'
  /home/fwadmin/.rbenv/versions/2.4.1/lib/ruby/gems/2.4.0/gems/activesupport-5.1.3/lib/active_support/cache/strategy/local_cache_middleware.rb:27:in `call'
  /home/fwadmin/.rbenv/versions/2.4.1/lib/ruby/gems/2.4.0/gems/actionpack-5.1.3/lib/action_dispatch/middleware/executor.rb:12:in `call'
  /home/fwadmin/.rbenv/versions/2.4.1/lib/ruby/gems/2.4.0/gems/actionpack-5.1.3/lib/action_dispatch/middleware/static.rb:125:in `call'
  /home/fwadmin/.rbenv/versions/2.4.1/lib/ruby/gems/2.4.0/gems/rack-2.0.3/lib/rack/sendfile.rb:111:in `call'
  /home/fwadmin/.rbenv/versions/2.4.1/lib/ruby/gems/2.4.0/gems/railties-5.1.3/lib/rails/engine.rb:522:in `call'
  /home/fwadmin/.rbenv/versions/2.4.1/lib/ruby/gems/2.4.0/gems/puma-3.10.0/lib/puma/configuration.rb:225:in `call'
  /home/fwadmin/.rbenv/versions/2.4.1/lib/ruby/gems/2.4.0/gems/puma-3.10.0/lib/puma/server.rb:605:in `handle_request'
  /home/fwadmin/.rbenv/versions/2.4.1/lib/ruby/gems/2.4.0/gems/puma-3.10.0/lib/puma/server.rb:437:in `process_client'
  /home/fwadmin/.rbenv/versions/2.4.1/lib/ruby/gems/2.4.0/gems/puma-3.10.0/lib/puma/server.rb:301:in `block in run'
  /home/fwadmin/.rbenv/versions/2.4.1/lib/ruby/gems/2.4.0/gems/puma-3.10.0/lib/puma/thread_pool.rb:120:in `block in spawn_thread'
Error during failsafe response: /home/fwadmin/apps/sigus/app/controllers/reports_controller.rb:182: syntax error, unexpected end-of-input, expecting keyword_end
  /home/fwadmin/.rbenv/versions/2.4.1/lib/ruby/gems/2.4.0/gems/activesupport-5.1.3/lib/active_support/dependencies.rb:476:in `load'
  /home/fwadmin/.rbenv/versions/2.4.1/lib/ruby/gems/2.4.0/gems/activesupport-5.1.3/lib/active_support/dependencies.rb:476:in `block in load_file'
  /home/fwadmin/.rbenv/versions/2.4.1/lib/ruby/gems/2.4.0/gems/activesupport-5.1.3/lib/active_support/dependencies.rb:661:in `new_constants_in'
  /home/fwadmin/.rbenv/versions/2.4.1/lib/ruby/gems/2.4.0/gems/activesupport-5.1.3/lib/active_support/dependencies.rb:475:in `load_file'
  /home/fwadmin/.rbenv/versions/2.4.1/lib/ruby/gems/2.4.0/gems/activesupport-5.1.3/lib/active_support/dependencies.rb:374:in `block in require_or_load'
  /home/fwadmin/.rbenv/versions/2.4.1/lib/ruby/gems/2.4.0/gems/activesupport-5.1.3/lib/active_support/dependencies.rb:36:in `block in load_interlock'
  /home/fwadmin/.rbenv/versions/2.4.1/lib/ruby/gems/2.4.0/gems/activesupport-5.1.3/lib/active_support/dependencies/interlock.rb:12:in `block in loading'
  /home/fwadmin/.rbenv/versions/2.4.1/lib/ruby/gems/2.4.0/gems/activesupport-5.1.3/lib/active_support/concurrency/share_lock.rb:149:in `exclusive'
  /home/fwadmin/.rbenv/versions/2.4.1/lib/ruby/gems/2.4.0/gems/activesupport-5.1.3/lib/active_support/dependencies/interlock.rb:11:in `loading'
  /home/fwadmin/.rbenv/versions/2.4.1/lib/ruby/gems/2.4.0/gems/activesupport-5.1.3/lib/active_support/dependencies.rb:36:in `load_interlock'
  /home/fwadmin/.rbenv/versions/2.4.1/lib/ruby/gems/2.4.0/gems/activesupport-5.1.3/lib/active_support/dependencies.rb:357:in `require_or_load'
  /home/fwadmin/.rbenv/versions/2.4.1/lib/ruby/gems/2.4.0/gems/activesupport-5.1.3/lib/active_support/dependencies.rb:510:in `load_missing_constant'
  /home/fwadmin/.rbenv/versions/2.4.1/lib/ruby/gems/2.4.0/gems/activesupport-5.1.3/lib/active_support/dependencies.rb:202:in `const_missing'
  /home/fwadmin/.rbenv/versions/2.4.1/lib/ruby/gems/2.4.0/gems/activesupport-5.1.3/lib/active_support/inflector/methods.rb:269:in `const_get'
  /home/fwadmin/.rbenv/versions/2.4.1/lib/ruby/gems/2.4.0/gems/activesupport-5.1.3/lib/active_support/inflector/methods.rb:269:in `block in constantize'
  /home/fwadmin/.rbenv/versions/2.4.1/lib/ruby/gems/2.4.0/gems/activesupport-5.1.3/lib/active_support/inflector/methods.rb:267:in `each'
  /home/fwadmin/.rbenv/versions/2.4.1/lib/ruby/gems/2.4.0/gems/activesupport-5.1.3/lib/active_support/inflector/methods.rb:267:in `inject'
  /home/fwadmin/.rbenv/versions/2.4.1/lib/ruby/gems/2.4.0/gems/activesupport-5.1.3/lib/active_support/inflector/methods.rb:267:in `constantize'
  /home/fwadmin/.rbenv/versions/2.4.1/lib/ruby/gems/2.4.0/gems/activesupport-5.1.3/lib/active_support/dependencies.rb:582:in `get'
  /home/fwadmin/.rbenv/versions/2.4.1/lib/ruby/gems/2.4.0/gems/activesupport-5.1.3/lib/active_support/dependencies.rb:613:in `constantize'
  /home/fwadmin/.rbenv/versions/2.4.1/lib/ruby/gems/2.4.0/gems/actionpack-5.1.3/lib/action_dispatch/http/request.rb:82:in `controller_class'
  /home/fwadmin/.rbenv/versions/2.4.1/lib/ruby/gems/2.4.0/gems/actionpack-5.1.3/lib/action_dispatch/http/parameters.rb:97:in `binary_params_for?'
  /home/fwadmin/.rbenv/versions/2.4.1/lib/ruby/gems/2.4.0/gems/actionpack-5.1.3/lib/action_dispatch/http/parameters.rb:88:in `set_binary_encoding'
  /home/fwadmin/.rbenv/versions/2.4.1/lib/ruby/gems/2.4.0/gems/actionpack-5.1.3/lib/action_dispatch/http/parameters.rb:58:in `parameters'
  /home/fwadmin/.rbenv/versions/2.4.1/lib/ruby/gems/2.4.0/gems/actionpack-5.1.3/lib/action_dispatch/http/mime_negotiation.rb:63:in `block in formats'
  /home/fwadmin/.rbenv/versions/2.4.1/lib/ruby/gems/2.4.0/gems/rack-2.0.3/lib/rack/request.rb:57:in `fetch'
  /home/fwadmin/.rbenv/versions/2.4.1/lib/ruby/gems/2.4.0/gems/rack-2.0.3/lib/rack/request.rb:57:in `fetch_header'
  /home/fwadmin/.rbenv/versions/2.4.1/lib/ruby/gems/2.4.0/gems/actionpack-5.1.3/lib/action_dispatch/http/mime_negotiation.rb:61:in `formats'
  /home/fwadmin/.rbenv/versions/2.4.1/lib/ruby/gems/2.4.0/gems/actionpack-5.1.3/lib/action_dispatch/middleware/public_exceptions.rb:22:in `call'
  /home/fwadmin/.rbenv/versions/2.4.1/lib/ruby/gems/2.4.0/gems/actionpack-5.1.3/lib/action_dispatch/middleware/show_exceptions.rb:49:in `render_exception'
  /home/fwadmin/.rbenv/versions/2.4.1/lib/ruby/gems/2.4.0/gems/actionpack-5.1.3/lib/action_dispatch/middleware/show_exceptions.rb:34:in `rescue in call'
  /home/fwadmin/.rbenv/versions/2.4.1/lib/ruby/gems/2.4.0/gems/actionpack-5.1.3/lib/action_dispatch/middleware/show_exceptions.rb:30:in `call'
  /home/fwadmin/.rbenv/versions/2.4.1/lib/ruby/gems/2.4.0/gems/railties-5.1.3/lib/rails/rack/logger.rb:36:in `call_app'
  /home/fwadmin/.rbenv/versions/2.4.1/lib/ruby/gems/2.4.0/gems/railties-5.1.3/lib/rails/rack/logger.rb:24:in `block in call'
  /home/fwadmin/.rbenv/versions/2.4.1/lib/ruby/gems/2.4.0/gems/activesupport-5.1.3/lib/active_support/tagged_logging.rb:69:in `block in tagged'
  /home/fwadmin/.rbenv/versions/2.4.1/lib/ruby/gems/2.4.0/gems/activesupport-5.1.3/lib/active_support/tagged_logging.rb:26:in `tagged'
  /home/fwadmin/.rbenv/versions/2.4.1/lib/ruby/gems/2.4.0/gems/activesupport-5.1.3/lib/active_support/tagged_logging.rb:69:in `tagged'
  /home/fwadmin/.rbenv/versions/2.4.1/lib/ruby/gems/2.4.0/gems/railties-5.1.3/lib/rails/rack/logger.rb:24:in `call'
  /home/fwadmin/.rbenv/versions/2.4.1/lib/ruby/gems/2.4.0/gems/sprockets-rails-3.2.0/lib/sprockets/rails/quiet_assets.rb:13:in `call'
  /home/fwadmin/.rbenv/versions/2.4.1/lib/ruby/gems/2.4.0/gems/actionpack-5.1.3/lib/action_dispatch/middleware/remote_ip.rb:79:in `call'
  /home/fwadmin/.rbenv/versions/2.4.1/lib/ruby/gems/2.4.0/gems/actionpack-5.1.3/lib/action_dispatch/middleware/request_id.rb:25:in `call'
  /home/fwadmin/.rbenv/versions/2.4.1/lib/ruby/gems/2.4.0/gems/rack-2.0.3/lib/rack/method_override.rb:22:in `call'
  /home/fwadmin/.rbenv/versions/2.4.1/lib/ruby/gems/2.4.0/gems/rack-2.0.3/lib/rack/runtime.rb:22:in `call'
  /home/fwadmin/.rbenv/versions/2.4.1/lib/ruby/gems/2.4.0/gems/activesupport-5.1.3/lib/active_support/cache/strategy/local_cache_middleware.rb:27:in `call'
  /home/fwadmin/.rbenv/versions/2.4.1/lib/ruby/gems/2.4.0/gems/actionpack-5.1.3/lib/action_dispatch/middleware/executor.rb:12:in `call'
  /home/fwadmin/.rbenv/versions/2.4.1/lib/ruby/gems/2.4.0/gems/actionpack-5.1.3/lib/action_dispatch/middleware/static.rb:125:in `call'
  /home/fwadmin/.rbenv/versions/2.4.1/lib/ruby/gems/2.4.0/gems/rack-2.0.3/lib/rack/sendfile.rb:111:in `call'
  /home/fwadmin/.rbenv/versions/2.4.1/lib/ruby/gems/2.4.0/gems/railties-5.1.3/lib/rails/engine.rb:522:in `call'
  /home/fwadmin/.rbenv/versions/2.4.1/lib/ruby/gems/2.4.0/gems/puma-3.10.0/lib/puma/configuration.rb:225:in `call'
  /home/fwadmin/.rbenv/versions/2.4.1/lib/ruby/gems/2.4.0/gems/puma-3.10.0/lib/puma/server.rb:605:in `handle_request'
  /home/fwadmin/.rbenv/versions/2.4.1/lib/ruby/gems/2.4.0/gems/puma-3.10.0/lib/puma/server.rb:437:in `process_client'
  /home/fwadmin/.rbenv/versions/2.4.1/lib/ruby/gems/2.4.0/gems/puma-3.10.0/lib/puma/server.rb:301:in `block in run'
  /home/fwadmin/.rbenv/versions/2.4.1/lib/ruby/gems/2.4.0/gems/puma-3.10.0/lib/puma/thread_pool.rb:120:in `block in spawn_thread'
